{"D:\\Study\\!React!\\My-React-Study-App\\my-react-study-app\\src\\main.tsx": {"path":"D:\\Study\\!React!\\My-React-Study-App\\my-react-study-app\\src\\main.tsx","all":true,"statementMap":{"0":{"start":{"line":1,"column":0},"end":{"line":1,"column":26}},"1":{"start":{"line":2,"column":0},"end":{"line":2,"column":40}},"2":{"start":{"line":3,"column":0},"end":{"line":3,"column":49}},"3":{"start":{"line":4,"column":0},"end":{"line":4,"column":39}},"5":{"start":{"line":6,"column":0},"end":{"line":6,"column":45}},"6":{"start":{"line":7,"column":0},"end":{"line":7,"column":28}},"7":{"start":{"line":8,"column":0},"end":{"line":8,"column":20}},"8":{"start":{"line":9,"column":0},"end":{"line":9,"column":59}},"10":{"start":{"line":11,"column":0},"end":{"line":11,"column":61}},"11":{"start":{"line":12,"column":0},"end":{"line":12,"column":22}},"12":{"start":{"line":13,"column":0},"end":{"line":13,"column":32}},"13":{"start":{"line":14,"column":0},"end":{"line":14,"column":27}},"14":{"start":{"line":15,"column":0},"end":{"line":15,"column":31}},"15":{"start":{"line":16,"column":0},"end":{"line":16,"column":27}},"16":{"start":{"line":17,"column":0},"end":{"line":17,"column":32}},"17":{"start":{"line":18,"column":0},"end":{"line":18,"column":28}},"18":{"start":{"line":19,"column":0},"end":{"line":19,"column":19}},"19":{"start":{"line":20,"column":0},"end":{"line":20,"column":23}},"20":{"start":{"line":21,"column":0},"end":{"line":21,"column":2}}},"s":{"0":0,"1":0,"2":0,"3":0,"5":0,"6":0,"7":0,"8":0,"10":0,"11":0,"12":0,"13":0,"14":0,"15":0,"16":0,"17":0,"18":0,"19":0,"20":0},"branchMap":{"0":{"type":"branch","line":1,"loc":{"start":{"line":1,"column":630},"end":{"line":21,"column":2}},"locations":[{"start":{"line":1,"column":630},"end":{"line":21,"column":2}}]}},"b":{"0":[0]},"fnMap":{"0":{"name":"(empty-report)","decl":{"start":{"line":1,"column":630},"end":{"line":21,"column":2}},"loc":{"start":{"line":1,"column":630},"end":{"line":21,"column":2}},"line":1}},"f":{"0":0}}
,"D:\\Study\\!React!\\My-React-Study-App\\my-react-study-app\\src\\app\\app.tsx": {"path":"D:\\Study\\!React!\\My-React-Study-App\\my-react-study-app\\src\\app\\app.tsx","all":false,"statementMap":{"0":{"start":{"line":1,"column":0},"end":{"line":1,"column":49}},"1":{"start":{"line":2,"column":0},"end":{"line":2,"column":19}},"2":{"start":{"line":3,"column":0},"end":{"line":3,"column":43}},"3":{"start":{"line":4,"column":0},"end":{"line":4,"column":62}},"4":{"start":{"line":5,"column":0},"end":{"line":5,"column":64}},"6":{"start":{"line":7,"column":0},"end":{"line":7,"column":31}},"7":{"start":{"line":8,"column":0},"end":{"line":8,"column":12}},"8":{"start":{"line":9,"column":0},"end":{"line":9,"column":16}},"9":{"start":{"line":10,"column":0},"end":{"line":10,"column":52}},"10":{"start":{"line":11,"column":0},"end":{"line":11,"column":58}},"11":{"start":{"line":12,"column":0},"end":{"line":12,"column":20}},"12":{"start":{"line":13,"column":0},"end":{"line":13,"column":57}},"13":{"start":{"line":14,"column":0},"end":{"line":14,"column":17}},"15":{"start":{"line":16,"column":0},"end":{"line":16,"column":1}}},"s":{"0":1,"1":1,"2":1,"3":1,"4":1,"6":1,"7":1,"8":1,"9":1,"10":1,"11":1,"12":1,"13":1,"15":1},"branchMap":{"0":{"type":"branch","line":7,"loc":{"start":{"line":7,"column":0},"end":{"line":16,"column":1}},"locations":[{"start":{"line":7,"column":0},"end":{"line":16,"column":1}}]}},"b":{"0":[1]},"fnMap":{"0":{"name":"App","decl":{"start":{"line":7,"column":0},"end":{"line":16,"column":1}},"loc":{"start":{"line":7,"column":0},"end":{"line":16,"column":1}},"line":7}},"f":{"0":1}}
,"D:\\Study\\!React!\\My-React-Study-App\\my-react-study-app\\src\\pages\\basicPage.tsx": {"path":"D:\\Study\\!React!\\My-React-Study-App\\my-react-study-app\\src\\pages\\basicPage.tsx","all":false,"statementMap":{"0":{"start":{"line":1,"column":0},"end":{"line":1,"column":54}},"1":{"start":{"line":2,"column":0},"end":{"line":2,"column":42}},"2":{"start":{"line":3,"column":0},"end":{"line":3,"column":46}},"3":{"start":{"line":4,"column":0},"end":{"line":4,"column":64}},"4":{"start":{"line":5,"column":0},"end":{"line":5,"column":67}},"6":{"start":{"line":7,"column":0},"end":{"line":7,"column":64}},"8":{"start":{"line":9,"column":0},"end":{"line":9,"column":37}},"9":{"start":{"line":10,"column":0},"end":{"line":10,"column":77}},"11":{"start":{"line":12,"column":0},"end":{"line":12,"column":12}},"12":{"start":{"line":13,"column":0},"end":{"line":13,"column":23}},"13":{"start":{"line":14,"column":0},"end":{"line":14,"column":22}},"14":{"start":{"line":15,"column":0},"end":{"line":15,"column":96}},"15":{"start":{"line":16,"column":0},"end":{"line":16,"column":24}},"17":{"start":{"line":18,"column":0},"end":{"line":18,"column":1}}},"s":{"0":1,"1":1,"2":1,"3":1,"4":1,"6":1,"8":0,"9":0,"11":0,"12":0,"13":0,"14":0,"15":0,"17":0},"branchMap":{},"b":{},"fnMap":{"0":{"name":"BasicPage","decl":{"start":{"line":9,"column":0},"end":{"line":18,"column":1}},"loc":{"start":{"line":9,"column":0},"end":{"line":18,"column":1}},"line":9}},"f":{"0":0}}
,"D:\\Study\\!React!\\My-React-Study-App\\my-react-study-app\\src\\pages\\notFoundPage\\notFoundPage.tsx": {"path":"D:\\Study\\!React!\\My-React-Study-App\\my-react-study-app\\src\\pages\\notFoundPage\\notFoundPage.tsx","all":false,"statementMap":{"0":{"start":{"line":1,"column":0},"end":{"line":1,"column":58}},"1":{"start":{"line":2,"column":0},"end":{"line":2,"column":28}},"3":{"start":{"line":4,"column":0},"end":{"line":4,"column":53}},"4":{"start":{"line":5,"column":0},"end":{"line":5,"column":34}},"5":{"start":{"line":6,"column":0},"end":{"line":6,"column":12}},"6":{"start":{"line":7,"column":0},"end":{"line":7,"column":70}},"7":{"start":{"line":8,"column":0},"end":{"line":8,"column":47}},"8":{"start":{"line":9,"column":0},"end":{"line":9,"column":88}},"10":{"start":{"line":11,"column":0},"end":{"line":11,"column":21}},"11":{"start":{"line":12,"column":0},"end":{"line":12,"column":18}},"12":{"start":{"line":13,"column":0},"end":{"line":13,"column":15}},"14":{"start":{"line":15,"column":0},"end":{"line":15,"column":1}}},"s":{"0":1,"1":1,"3":1,"4":1,"5":1,"6":1,"7":1,"8":1,"10":1,"11":1,"12":1,"14":1},"branchMap":{"0":{"type":"branch","line":4,"loc":{"start":{"line":4,"column":0},"end":{"line":15,"column":1}},"locations":[{"start":{"line":4,"column":0},"end":{"line":15,"column":1}}]},"1":{"type":"branch","line":7,"loc":{"start":{"line":7,"column":25},"end":{"line":7,"column":52}},"locations":[{"start":{"line":7,"column":25},"end":{"line":7,"column":52}}]},"2":{"type":"branch","line":9,"loc":{"start":{"line":9,"column":31},"end":{"line":9,"column":64}},"locations":[{"start":{"line":9,"column":31},"end":{"line":9,"column":64}}]}},"b":{"0":[1],"1":[0],"2":[0]},"fnMap":{"0":{"name":"NotFoundPage","decl":{"start":{"line":4,"column":0},"end":{"line":15,"column":1}},"loc":{"start":{"line":4,"column":0},"end":{"line":15,"column":1}},"line":4}},"f":{"0":1}}
,"D:\\Study\\!React!\\My-React-Study-App\\my-react-study-app\\src\\shared\\constants.ts": {"path":"D:\\Study\\!React!\\My-React-Study-App\\my-react-study-app\\src\\shared\\constants.ts","all":false,"statementMap":{"0":{"start":{"line":1,"column":0},"end":{"line":1,"column":62}},"1":{"start":{"line":2,"column":0},"end":{"line":2,"column":37}}},"s":{"0":1,"1":1},"branchMap":{},"b":{},"fnMap":{},"f":{}}
,"D:\\Study\\!React!\\My-React-Study-App\\my-react-study-app\\src\\shared\\api\\apiRequests.ts": {"path":"D:\\Study\\!React!\\My-React-Study-App\\my-react-study-app\\src\\shared\\api\\apiRequests.ts","all":true,"statementMap":{"2":{"start":{"line":3,"column":0},"end":{"line":3,"column":55}},"3":{"start":{"line":4,"column":0},"end":{"line":4,"column":72}},"5":{"start":{"line":6,"column":0},"end":{"line":6,"column":48}},"6":{"start":{"line":7,"column":0},"end":{"line":7,"column":64}},"7":{"start":{"line":8,"column":0},"end":{"line":8,"column":22}},"8":{"start":{"line":9,"column":0},"end":{"line":9,"column":6}},"9":{"start":{"line":10,"column":0},"end":{"line":10,"column":29}},"10":{"start":{"line":11,"column":0},"end":{"line":11,"column":90}},"11":{"start":{"line":12,"column":0},"end":{"line":12,"column":10}},"12":{"start":{"line":13,"column":0},"end":{"line":13,"column":27}},"13":{"start":{"line":14,"column":0},"end":{"line":14,"column":25}},"14":{"start":{"line":15,"column":0},"end":{"line":15,"column":30}},"15":{"start":{"line":16,"column":0},"end":{"line":16,"column":13}},"16":{"start":{"line":17,"column":0},"end":{"line":17,"column":42}},"17":{"start":{"line":18,"column":0},"end":{"line":18,"column":11}},"18":{"start":{"line":19,"column":0},"end":{"line":19,"column":2}},"20":{"start":{"line":21,"column":0},"end":{"line":21,"column":33}}},"s":{"2":0,"3":0,"5":0,"6":0,"7":0,"8":0,"9":0,"10":0,"11":0,"12":0,"13":0,"14":0,"15":0,"16":0,"17":0,"18":0,"20":0},"branchMap":{"0":{"type":"branch","line":1,"loc":{"start":{"line":1,"column":670},"end":{"line":21,"column":33}},"locations":[{"start":{"line":1,"column":670},"end":{"line":21,"column":33}}]}},"b":{"0":[1]},"fnMap":{"0":{"name":"(empty-report)","decl":{"start":{"line":1,"column":670},"end":{"line":21,"column":33}},"loc":{"start":{"line":1,"column":670},"end":{"line":21,"column":33}},"line":1}},"f":{"0":1}}
,"D:\\Study\\!React!\\My-React-Study-App\\my-react-study-app\\src\\shared\\api\\itemsApi.ts": {"path":"D:\\Study\\!React!\\My-React-Study-App\\my-react-study-app\\src\\shared\\api\\itemsApi.ts","all":false,"statementMap":{"0":{"start":{"line":1,"column":0},"end":{"line":1,"column":49}},"1":{"start":{"line":2,"column":0},"end":{"line":2,"column":73}},"2":{"start":{"line":3,"column":0},"end":{"line":3,"column":44}},"6":{"start":{"line":7,"column":0},"end":{"line":7,"column":35}},"7":{"start":{"line":8,"column":0},"end":{"line":8,"column":28}},"8":{"start":{"line":9,"column":0},"end":{"line":9,"column":57}},"9":{"start":{"line":10,"column":0},"end":{"line":10,"column":30}},"10":{"start":{"line":11,"column":0},"end":{"line":11,"column":66}},"11":{"start":{"line":12,"column":0},"end":{"line":12,"column":32}},"12":{"start":{"line":13,"column":0},"end":{"line":13,"column":35}},"13":{"start":{"line":14,"column":0},"end":{"line":14,"column":38}},"14":{"start":{"line":15,"column":0},"end":{"line":15,"column":38}},"15":{"start":{"line":16,"column":0},"end":{"line":16,"column":18}},"16":{"start":{"line":17,"column":0},"end":{"line":17,"column":66}},"17":{"start":{"line":18,"column":0},"end":{"line":18,"column":14}},"18":{"start":{"line":19,"column":0},"end":{"line":19,"column":11}},"19":{"start":{"line":20,"column":0},"end":{"line":20,"column":71}},"20":{"start":{"line":21,"column":0},"end":{"line":21,"column":75}},"21":{"start":{"line":22,"column":0},"end":{"line":22,"column":11}},"22":{"start":{"line":23,"column":0},"end":{"line":23,"column":7}},"23":{"start":{"line":24,"column":0},"end":{"line":24,"column":3}}},"s":{"0":1,"1":1,"2":1,"6":1,"7":1,"8":1,"9":1,"10":7,"11":7,"12":1,"13":1,"14":1,"15":1,"16":1,"17":1,"18":7,"19":7,"20":7,"21":7,"22":7,"23":1},"branchMap":{"0":{"type":"branch","line":10,"loc":{"start":{"line":10,"column":15},"end":{"line":23,"column":7}},"locations":[{"start":{"line":10,"column":15},"end":{"line":23,"column":7}}]},"1":{"type":"branch","line":12,"loc":{"start":{"line":12,"column":19},"end":{"line":18,"column":14}},"locations":[{"start":{"line":12,"column":19},"end":{"line":18,"column":14}}]},"2":{"type":"branch","line":21,"loc":{"start":{"line":21,"column":19},"end":{"line":21,"column":75}},"locations":[{"start":{"line":21,"column":19},"end":{"line":21,"column":75}}]}},"b":{"0":[7],"1":[1],"2":[1]},"fnMap":{"0":{"name":"endpoints","decl":{"start":{"line":10,"column":15},"end":{"line":23,"column":7}},"loc":{"start":{"line":10,"column":15},"end":{"line":23,"column":7}},"line":10},"1":{"name":"query","decl":{"start":{"line":12,"column":19},"end":{"line":18,"column":14}},"loc":{"start":{"line":12,"column":19},"end":{"line":18,"column":14}},"line":12},"2":{"name":"query","decl":{"start":{"line":21,"column":19},"end":{"line":21,"column":75}},"loc":{"start":{"line":21,"column":19},"end":{"line":21,"column":75}},"line":21}},"f":{"0":7,"1":1,"2":1}}
,"D:\\Study\\!React!\\My-React-Study-App\\my-react-study-app\\src\\shared\\context\\themeMode.tsx": {"path":"D:\\Study\\!React!\\My-React-Study-App\\my-react-study-app\\src\\shared\\context\\themeMode.tsx","all":false,"statementMap":{"0":{"start":{"line":1,"column":0},"end":{"line":1,"column":22}},"1":{"start":{"line":2,"column":0},"end":{"line":2,"column":71}},"8":{"start":{"line":9,"column":0},"end":{"line":9,"column":80}},"10":{"start":{"line":11,"column":0},"end":{"line":11,"column":31}},"11":{"start":{"line":12,"column":0},"end":{"line":12,"column":45}},"13":{"start":{"line":14,"column":0},"end":{"line":14,"column":19}},"14":{"start":{"line":15,"column":0},"end":{"line":15,"column":41}},"15":{"start":{"line":16,"column":0},"end":{"line":16,"column":5}},"17":{"start":{"line":18,"column":0},"end":{"line":18,"column":19}},"18":{"start":{"line":19,"column":0},"end":{"line":19,"column":2}},"24":{"start":{"line":25,"column":0},"end":{"line":25,"column":65}},"25":{"start":{"line":26,"column":0},"end":{"line":26,"column":48}},"26":{"start":{"line":27,"column":0},"end":{"line":27,"column":31}},"27":{"start":{"line":28,"column":0},"end":{"line":28,"column":35}},"28":{"start":{"line":29,"column":0},"end":{"line":29,"column":6}},"30":{"start":{"line":31,"column":0},"end":{"line":31,"column":101}},"31":{"start":{"line":32,"column":0},"end":{"line":32,"column":1}}},"s":{"0":1,"1":1,"8":1,"10":1,"11":9,"13":9,"14":0,"15":0,"17":9,"18":9,"24":1,"25":7,"26":7,"27":0,"28":0,"30":7,"31":7},"branchMap":{"0":{"type":"branch","line":11,"loc":{"start":{"line":11,"column":24},"end":{"line":19,"column":2}},"locations":[{"start":{"line":11,"column":24},"end":{"line":19,"column":2}}]},"1":{"type":"branch","line":14,"loc":{"start":{"line":14,"column":18},"end":{"line":16,"column":5}},"locations":[{"start":{"line":14,"column":18},"end":{"line":16,"column":5}}]},"2":{"type":"branch","line":25,"loc":{"start":{"line":25,"column":7},"end":{"line":32,"column":1}},"locations":[{"start":{"line":25,"column":7},"end":{"line":32,"column":1}}]}},"b":{"0":[9],"1":[0],"2":[7]},"fnMap":{"0":{"name":"useTheme","decl":{"start":{"line":11,"column":24},"end":{"line":19,"column":2}},"loc":{"start":{"line":11,"column":24},"end":{"line":19,"column":2}},"line":11},"1":{"name":"ThemeProvider","decl":{"start":{"line":25,"column":7},"end":{"line":32,"column":1}},"loc":{"start":{"line":25,"column":7},"end":{"line":32,"column":1}},"line":25},"2":{"name":"toggleTheme","decl":{"start":{"line":27,"column":24},"end":{"line":29,"column":6}},"loc":{"start":{"line":27,"column":24},"end":{"line":29,"column":6}},"line":27}},"f":{"0":9,"1":7,"2":0}}
,"D:\\Study\\!React!\\My-React-Study-App\\my-react-study-app\\src\\shared\\store\\itemsSlice.ts": {"path":"D:\\Study\\!React!\\My-React-Study-App\\my-react-study-app\\src\\shared\\store\\itemsSlice.ts","all":false,"statementMap":{"0":{"start":{"line":1,"column":0},"end":{"line":1,"column":38}},"1":{"start":{"line":2,"column":0},"end":{"line":2,"column":62}},"2":{"start":{"line":3,"column":0},"end":{"line":3,"column":43}},"15":{"start":{"line":16,"column":0},"end":{"line":16,"column":34}},"16":{"start":{"line":17,"column":0},"end":{"line":17,"column":23}},"17":{"start":{"line":18,"column":0},"end":{"line":18,"column":19}},"18":{"start":{"line":19,"column":0},"end":{"line":19,"column":20}},"19":{"start":{"line":20,"column":0},"end":{"line":20,"column":16}},"20":{"start":{"line":21,"column":0},"end":{"line":21,"column":18}},"21":{"start":{"line":22,"column":0},"end":{"line":22,"column":18}},"22":{"start":{"line":23,"column":0},"end":{"line":23,"column":22}},"23":{"start":{"line":24,"column":0},"end":{"line":24,"column":17}},"24":{"start":{"line":25,"column":0},"end":{"line":25,"column":2}},"26":{"start":{"line":27,"column":0},"end":{"line":27,"column":39}},"27":{"start":{"line":28,"column":0},"end":{"line":28,"column":18}},"28":{"start":{"line":29,"column":0},"end":{"line":29,"column":17}},"29":{"start":{"line":30,"column":0},"end":{"line":30,"column":15}},"30":{"start":{"line":31,"column":0},"end":{"line":31,"column":63}},"31":{"start":{"line":32,"column":0},"end":{"line":32,"column":43}},"32":{"start":{"line":33,"column":0},"end":{"line":33,"column":33}},"33":{"start":{"line":34,"column":0},"end":{"line":34,"column":10}},"34":{"start":{"line":35,"column":0},"end":{"line":35,"column":70}},"35":{"start":{"line":36,"column":0},"end":{"line":36,"column":43}},"36":{"start":{"line":37,"column":0},"end":{"line":37,"column":50}},"37":{"start":{"line":38,"column":0},"end":{"line":38,"column":34}},"38":{"start":{"line":39,"column":0},"end":{"line":39,"column":35}},"39":{"start":{"line":40,"column":0},"end":{"line":40,"column":10}},"40":{"start":{"line":41,"column":0},"end":{"line":41,"column":64}},"41":{"start":{"line":42,"column":0},"end":{"line":42,"column":43}},"42":{"start":{"line":43,"column":0},"end":{"line":43,"column":10}},"43":{"start":{"line":44,"column":0},"end":{"line":44,"column":68}},"44":{"start":{"line":45,"column":0},"end":{"line":45,"column":47}},"45":{"start":{"line":46,"column":0},"end":{"line":46,"column":10}},"46":{"start":{"line":47,"column":0},"end":{"line":47,"column":70}},"47":{"start":{"line":48,"column":0},"end":{"line":48,"column":50}},"48":{"start":{"line":49,"column":0},"end":{"line":49,"column":10}},"49":{"start":{"line":50,"column":0},"end":{"line":50,"column":67}},"50":{"start":{"line":51,"column":0},"end":{"line":51,"column":47}},"51":{"start":{"line":52,"column":0},"end":{"line":52,"column":10}},"52":{"start":{"line":53,"column":0},"end":{"line":53,"column":72}},"53":{"start":{"line":54,"column":0},"end":{"line":54,"column":45}},"54":{"start":{"line":55,"column":0},"end":{"line":55,"column":10}},"55":{"start":{"line":56,"column":0},"end":{"line":56,"column":63}},"56":{"start":{"line":57,"column":0},"end":{"line":57,"column":42}},"57":{"start":{"line":58,"column":0},"end":{"line":58,"column":10}},"58":{"start":{"line":59,"column":0},"end":{"line":59,"column":6}},"60":{"start":{"line":61,"column":0},"end":{"line":61,"column":33}},"61":{"start":{"line":62,"column":0},"end":{"line":62,"column":81}},"62":{"start":{"line":63,"column":0},"end":{"line":63,"column":33}},"63":{"start":{"line":64,"column":0},"end":{"line":64,"column":32}},"64":{"start":{"line":65,"column":0},"end":{"line":65,"column":11}},"65":{"start":{"line":66,"column":0},"end":{"line":66,"column":83}},"66":{"start":{"line":67,"column":0},"end":{"line":67,"column":34}},"67":{"start":{"line":68,"column":0},"end":{"line":68,"column":11}},"68":{"start":{"line":69,"column":0},"end":{"line":69,"column":82}},"69":{"start":{"line":70,"column":0},"end":{"line":70,"column":34}},"70":{"start":{"line":71,"column":0},"end":{"line":71,"column":31}},"71":{"start":{"line":72,"column":0},"end":{"line":72,"column":11}},"72":{"start":{"line":73,"column":0},"end":{"line":73,"column":80}},"73":{"start":{"line":74,"column":0},"end":{"line":74,"column":37}},"74":{"start":{"line":75,"column":0},"end":{"line":75,"column":32}},"75":{"start":{"line":76,"column":0},"end":{"line":76,"column":11}},"76":{"start":{"line":77,"column":0},"end":{"line":77,"column":82}},"77":{"start":{"line":78,"column":0},"end":{"line":78,"column":38}},"78":{"start":{"line":79,"column":0},"end":{"line":79,"column":11}},"79":{"start":{"line":80,"column":0},"end":{"line":80,"column":81}},"80":{"start":{"line":81,"column":0},"end":{"line":81,"column":38}},"81":{"start":{"line":82,"column":0},"end":{"line":82,"column":31}},"82":{"start":{"line":83,"column":0},"end":{"line":83,"column":11}},"83":{"start":{"line":84,"column":0},"end":{"line":84,"column":6}},"84":{"start":{"line":85,"column":0},"end":{"line":85,"column":3}},"86":{"start":{"line":87,"column":0},"end":{"line":87,"column":34}}},"s":{"0":1,"1":1,"2":1,"15":1,"16":1,"17":1,"18":1,"19":1,"20":1,"21":1,"22":1,"23":1,"24":1,"26":1,"27":1,"28":1,"29":1,"30":1,"31":0,"32":0,"33":0,"34":1,"35":0,"36":0,"37":0,"38":0,"39":0,"40":1,"41":0,"42":0,"43":1,"44":0,"45":0,"46":1,"47":0,"48":0,"49":1,"50":0,"51":0,"52":1,"53":0,"54":0,"55":1,"56":0,"57":0,"58":1,"60":1,"61":7,"62":1,"63":1,"64":7,"65":7,"66":0,"67":7,"68":7,"69":0,"70":0,"71":7,"72":7,"73":1,"74":1,"75":7,"76":7,"77":0,"78":7,"79":7,"80":0,"81":0,"82":7,"83":7,"84":1,"86":1},"branchMap":{"0":{"type":"branch","line":61,"loc":{"start":{"line":61,"column":19},"end":{"line":84,"column":6}},"locations":[{"start":{"line":61,"column":19},"end":{"line":84,"column":6}}]},"1":{"type":"branch","line":62,"loc":{"start":{"line":62,"column":69},"end":{"line":65,"column":9}},"locations":[{"start":{"line":62,"column":69},"end":{"line":65,"column":9}}]},"2":{"type":"branch","line":73,"loc":{"start":{"line":73,"column":68},"end":{"line":76,"column":9}},"locations":[{"start":{"line":73,"column":68},"end":{"line":76,"column":9}}]}},"b":{"0":[7],"1":[1],"2":[1]},"fnMap":{"0":{"name":"setSection","decl":{"start":{"line":31,"column":20},"end":{"line":34,"column":10}},"loc":{"start":{"line":31,"column":20},"end":{"line":34,"column":10}},"line":31},"1":{"name":"setStartСondition","decl":{"start":{"line":35,"column":27},"end":{"line":40,"column":10}},"loc":{"start":{"line":35,"column":27},"end":{"line":40,"column":10}},"line":35},"2":{"name":"setLoading","decl":{"start":{"line":41,"column":20},"end":{"line":43,"column":10}},"loc":{"start":{"line":41,"column":20},"end":{"line":43,"column":10}},"line":41},"3":{"name":"setLoadingCard","decl":{"start":{"line":44,"column":24},"end":{"line":46,"column":10}},"loc":{"start":{"line":44,"column":24},"end":{"line":46,"column":10}},"line":44},"4":{"name":"setCurrentRequest","decl":{"start":{"line":47,"column":27},"end":{"line":49,"column":10}},"loc":{"start":{"line":47,"column":27},"end":{"line":49,"column":10}},"line":47},"5":{"name":"setCurrentPage","decl":{"start":{"line":50,"column":24},"end":{"line":52,"column":10}},"loc":{"start":{"line":50,"column":24},"end":{"line":52,"column":10}},"line":50},"6":{"name":"setCurrentId","decl":{"start":{"line":53,"column":22},"end":{"line":55,"column":10}},"loc":{"start":{"line":53,"column":22},"end":{"line":55,"column":10}},"line":53},"7":{"name":"setIsDark","decl":{"start":{"line":56,"column":19},"end":{"line":58,"column":10}},"loc":{"start":{"line":56,"column":19},"end":{"line":58,"column":10}},"line":56},"8":{"name":"extraReducers","decl":{"start":{"line":61,"column":19},"end":{"line":84,"column":6}},"loc":{"start":{"line":61,"column":19},"end":{"line":84,"column":6}},"line":61}},"f":{"0":0,"1":0,"2":0,"3":0,"4":0,"5":0,"6":0,"7":0,"8":7}}
,"D:\\Study\\!React!\\My-React-Study-App\\my-react-study-app\\src\\shared\\store\\selectedItemsSlice.ts": {"path":"D:\\Study\\!React!\\My-React-Study-App\\my-react-study-app\\src\\shared\\store\\selectedItemsSlice.ts","all":false,"statementMap":{"0":{"start":{"line":1,"column":0},"end":{"line":1,"column":38}},"1":{"start":{"line":2,"column":0},"end":{"line":2,"column":62}},"8":{"start":{"line":9,"column":0},"end":{"line":9,"column":34}},"9":{"start":{"line":10,"column":0},"end":{"line":10,"column":22}},"10":{"start":{"line":11,"column":0},"end":{"line":11,"column":2}},"12":{"start":{"line":13,"column":0},"end":{"line":13,"column":47}},"13":{"start":{"line":14,"column":0},"end":{"line":14,"column":26}},"14":{"start":{"line":15,"column":0},"end":{"line":15,"column":17}},"15":{"start":{"line":16,"column":0},"end":{"line":16,"column":15}},"16":{"start":{"line":17,"column":0},"end":{"line":17,"column":77}},"17":{"start":{"line":18,"column":0},"end":{"line":18,"column":53}},"18":{"start":{"line":19,"column":0},"end":{"line":19,"column":10}},"19":{"start":{"line":20,"column":0},"end":{"line":20,"column":79}},"20":{"start":{"line":21,"column":0},"end":{"line":21,"column":39}},"21":{"start":{"line":22,"column":0},"end":{"line":22,"column":113}},"22":{"start":{"line":23,"column":0},"end":{"line":23,"column":17}},"23":{"start":{"line":24,"column":0},"end":{"line":24,"column":14}},"24":{"start":{"line":25,"column":0},"end":{"line":25,"column":10}},"25":{"start":{"line":26,"column":0},"end":{"line":26,"column":43}},"26":{"start":{"line":27,"column":0},"end":{"line":27,"column":37}},"27":{"start":{"line":28,"column":0},"end":{"line":28,"column":10}},"28":{"start":{"line":29,"column":0},"end":{"line":29,"column":6}},"29":{"start":{"line":30,"column":0},"end":{"line":30,"column":3}},"31":{"start":{"line":32,"column":0},"end":{"line":32,"column":42}}},"s":{"0":1,"1":1,"8":1,"9":1,"10":1,"12":1,"13":1,"14":1,"15":1,"16":1,"17":0,"18":0,"19":1,"20":0,"21":0,"22":0,"23":0,"24":0,"25":1,"26":0,"27":0,"28":1,"29":1,"31":1},"branchMap":{},"b":{},"fnMap":{"0":{"name":"setSelectedItems","decl":{"start":{"line":17,"column":26},"end":{"line":19,"column":10}},"loc":{"start":{"line":17,"column":26},"end":{"line":19,"column":10}},"line":17},"1":{"name":"unsetSelectedItems","decl":{"start":{"line":20,"column":28},"end":{"line":25,"column":10}},"loc":{"start":{"line":20,"column":28},"end":{"line":25,"column":10}},"line":20},"2":{"name":"unsetAllSelectedItems","decl":{"start":{"line":26,"column":31},"end":{"line":28,"column":10}},"loc":{"start":{"line":26,"column":31},"end":{"line":28,"column":10}},"line":26}},"f":{"0":0,"1":0,"2":0}}
,"D:\\Study\\!React!\\My-React-Study-App\\my-react-study-app\\src\\shared\\store\\store.ts": {"path":"D:\\Study\\!React!\\My-React-Study-App\\my-react-study-app\\src\\shared\\store\\store.ts","all":false,"statementMap":{"0":{"start":{"line":1,"column":0},"end":{"line":1,"column":109}},"1":{"start":{"line":2,"column":0},"end":{"line":2,"column":67}},"2":{"start":{"line":3,"column":0},"end":{"line":3,"column":40}},"3":{"start":{"line":4,"column":0},"end":{"line":4,"column":56}},"4":{"start":{"line":5,"column":0},"end":{"line":5,"column":43}},"6":{"start":{"line":7,"column":0},"end":{"line":7,"column":37}},"7":{"start":{"line":8,"column":0},"end":{"line":8,"column":17}},"8":{"start":{"line":9,"column":0},"end":{"line":9,"column":25}},"9":{"start":{"line":10,"column":0},"end":{"line":10,"column":45}},"10":{"start":{"line":11,"column":0},"end":{"line":11,"column":3}},"12":{"start":{"line":13,"column":0},"end":{"line":13,"column":37}},"13":{"start":{"line":14,"column":0},"end":{"line":14,"column":25}},"14":{"start":{"line":15,"column":0},"end":{"line":15,"column":93}},"15":{"start":{"line":16,"column":0},"end":{"line":16,"column":3}},"20":{"start":{"line":21,"column":0},"end":{"line":21,"column":64}},"21":{"start":{"line":22,"column":0},"end":{"line":22,"column":76}}},"s":{"0":1,"1":1,"2":1,"3":1,"4":1,"6":1,"7":1,"8":1,"9":1,"10":1,"12":1,"13":1,"14":1,"15":1,"20":1,"21":1},"branchMap":{"0":{"type":"branch","line":15,"loc":{"start":{"line":15,"column":16},"end":{"line":15,"column":93}},"locations":[{"start":{"line":15,"column":16},"end":{"line":15,"column":93}}]},"1":{"type":"branch","line":21,"loc":{"start":{"line":21,"column":30},"end":{"line":21,"column":64}},"locations":[{"start":{"line":21,"column":30},"end":{"line":21,"column":64}}]}},"b":{"0":[7],"1":[8]},"fnMap":{"0":{"name":"middleware","decl":{"start":{"line":15,"column":16},"end":{"line":15,"column":93}},"loc":{"start":{"line":15,"column":16},"end":{"line":15,"column":93}},"line":15},"1":{"name":"useAppDispatch","decl":{"start":{"line":21,"column":30},"end":{"line":21,"column":64}},"loc":{"start":{"line":21,"column":30},"end":{"line":21,"column":64}},"line":21}},"f":{"0":7,"1":8}}
,"D:\\Study\\!React!\\My-React-Study-App\\my-react-study-app\\src\\widgets\\detailedItem\\detailedItem.tsx": {"path":"D:\\Study\\!React!\\My-React-Study-App\\my-react-study-app\\src\\widgets\\detailedItem\\detailedItem.tsx","all":false,"statementMap":{"0":{"start":{"line":1,"column":0},"end":{"line":1,"column":28}},"2":{"start":{"line":3,"column":0},"end":{"line":3,"column":34}},"3":{"start":{"line":4,"column":0},"end":{"line":4,"column":59}},"4":{"start":{"line":5,"column":0},"end":{"line":5,"column":74}},"5":{"start":{"line":6,"column":0},"end":{"line":6,"column":53}},"6":{"start":{"line":7,"column":0},"end":{"line":7,"column":38}},"7":{"start":{"line":8,"column":0},"end":{"line":8,"column":58}},"9":{"start":{"line":10,"column":0},"end":{"line":10,"column":40}},"10":{"start":{"line":11,"column":0},"end":{"line":11,"column":34}},"11":{"start":{"line":12,"column":0},"end":{"line":12,"column":94}},"12":{"start":{"line":13,"column":0},"end":{"line":13,"column":64}},"13":{"start":{"line":14,"column":0},"end":{"line":14,"column":32}},"14":{"start":{"line":15,"column":0},"end":{"line":15,"column":16}},"15":{"start":{"line":16,"column":0},"end":{"line":16,"column":22}},"16":{"start":{"line":17,"column":0},"end":{"line":17,"column":6}},"17":{"start":{"line":18,"column":0},"end":{"line":18,"column":38}},"18":{"start":{"line":19,"column":0},"end":{"line":19,"column":66}},"20":{"start":{"line":21,"column":0},"end":{"line":21,"column":21}},"21":{"start":{"line":22,"column":0},"end":{"line":22,"column":19}},"22":{"start":{"line":23,"column":0},"end":{"line":23,"column":44}},"23":{"start":{"line":24,"column":0},"end":{"line":24,"column":9}},"24":{"start":{"line":25,"column":0},"end":{"line":25,"column":15}},"26":{"start":{"line":27,"column":0},"end":{"line":27,"column":12}},"27":{"start":{"line":28,"column":0},"end":{"line":28,"column":12}},"28":{"start":{"line":29,"column":0},"end":{"line":29,"column":46}},"29":{"start":{"line":30,"column":0},"end":{"line":30,"column":29}},"30":{"start":{"line":31,"column":0},"end":{"line":31,"column":53}},"31":{"start":{"line":32,"column":0},"end":{"line":32,"column":100}},"32":{"start":{"line":33,"column":0},"end":{"line":33,"column":54}},"33":{"start":{"line":34,"column":0},"end":{"line":34,"column":56}},"34":{"start":{"line":35,"column":0},"end":{"line":35,"column":14}},"36":{"start":{"line":37,"column":0},"end":{"line":37,"column":97}},"37":{"start":{"line":38,"column":0},"end":{"line":38,"column":32}},"38":{"start":{"line":39,"column":0},"end":{"line":39,"column":30}},"40":{"start":{"line":41,"column":0},"end":{"line":41,"column":51}},"41":{"start":{"line":42,"column":0},"end":{"line":42,"column":31}},"42":{"start":{"line":43,"column":0},"end":{"line":43,"column":41}},"43":{"start":{"line":44,"column":0},"end":{"line":44,"column":67}},"44":{"start":{"line":45,"column":0},"end":{"line":45,"column":44}},"45":{"start":{"line":46,"column":0},"end":{"line":46,"column":61}},"46":{"start":{"line":47,"column":0},"end":{"line":47,"column":70}},"47":{"start":{"line":48,"column":0},"end":{"line":48,"column":72}},"48":{"start":{"line":49,"column":0},"end":{"line":49,"column":30}},"49":{"start":{"line":50,"column":0},"end":{"line":50,"column":25}},"51":{"start":{"line":52,"column":0},"end":{"line":52,"column":33}},"52":{"start":{"line":53,"column":0},"end":{"line":53,"column":58}},"53":{"start":{"line":54,"column":0},"end":{"line":54,"column":68}},"54":{"start":{"line":55,"column":0},"end":{"line":55,"column":113}},"55":{"start":{"line":56,"column":0},"end":{"line":56,"column":65}},"56":{"start":{"line":57,"column":0},"end":{"line":57,"column":36}},"57":{"start":{"line":58,"column":0},"end":{"line":58,"column":113}},"58":{"start":{"line":59,"column":0},"end":{"line":59,"column":61}},"59":{"start":{"line":60,"column":0},"end":{"line":60,"column":36}},"60":{"start":{"line":61,"column":0},"end":{"line":61,"column":113}},"61":{"start":{"line":62,"column":0},"end":{"line":62,"column":71}},"62":{"start":{"line":63,"column":0},"end":{"line":63,"column":36}},"63":{"start":{"line":64,"column":0},"end":{"line":64,"column":113}},"64":{"start":{"line":65,"column":0},"end":{"line":65,"column":84}},"65":{"start":{"line":66,"column":0},"end":{"line":66,"column":36}},"66":{"start":{"line":67,"column":0},"end":{"line":67,"column":34}},"68":{"start":{"line":69,"column":0},"end":{"line":69,"column":59}},"69":{"start":{"line":70,"column":0},"end":{"line":70,"column":68}},"70":{"start":{"line":71,"column":0},"end":{"line":71,"column":105}},"71":{"start":{"line":72,"column":0},"end":{"line":72,"column":113}},"72":{"start":{"line":73,"column":0},"end":{"line":73,"column":61}},"73":{"start":{"line":74,"column":0},"end":{"line":74,"column":36}},"74":{"start":{"line":75,"column":0},"end":{"line":75,"column":113}},"75":{"start":{"line":76,"column":0},"end":{"line":76,"column":65}},"76":{"start":{"line":77,"column":0},"end":{"line":77,"column":36}},"77":{"start":{"line":78,"column":0},"end":{"line":78,"column":113}},"78":{"start":{"line":79,"column":0},"end":{"line":79,"column":67}},"79":{"start":{"line":80,"column":0},"end":{"line":80,"column":36}},"80":{"start":{"line":81,"column":0},"end":{"line":81,"column":113}},"81":{"start":{"line":82,"column":0},"end":{"line":82,"column":61}},"82":{"start":{"line":83,"column":0},"end":{"line":83,"column":36}},"83":{"start":{"line":84,"column":0},"end":{"line":84,"column":113}},"84":{"start":{"line":85,"column":0},"end":{"line":85,"column":65}},"85":{"start":{"line":86,"column":0},"end":{"line":86,"column":36}},"86":{"start":{"line":87,"column":0},"end":{"line":87,"column":113}},"87":{"start":{"line":88,"column":0},"end":{"line":88,"column":82}},"88":{"start":{"line":89,"column":0},"end":{"line":89,"column":36}},"89":{"start":{"line":90,"column":0},"end":{"line":90,"column":34}},"91":{"start":{"line":92,"column":0},"end":{"line":92,"column":57}},"92":{"start":{"line":93,"column":0},"end":{"line":93,"column":68}},"93":{"start":{"line":94,"column":0},"end":{"line":94,"column":113}},"94":{"start":{"line":95,"column":0},"end":{"line":95,"column":64}},"95":{"start":{"line":96,"column":0},"end":{"line":96,"column":36}},"96":{"start":{"line":97,"column":0},"end":{"line":97,"column":113}},"97":{"start":{"line":98,"column":0},"end":{"line":98,"column":65}},"98":{"start":{"line":99,"column":0},"end":{"line":99,"column":36}},"99":{"start":{"line":100,"column":0},"end":{"line":100,"column":113}},"100":{"start":{"line":101,"column":0},"end":{"line":101,"column":64}},"101":{"start":{"line":102,"column":0},"end":{"line":102,"column":36}},"102":{"start":{"line":103,"column":0},"end":{"line":103,"column":113}},"103":{"start":{"line":104,"column":0},"end":{"line":104,"column":87}},"104":{"start":{"line":105,"column":0},"end":{"line":105,"column":36}},"105":{"start":{"line":106,"column":0},"end":{"line":106,"column":34}},"107":{"start":{"line":108,"column":0},"end":{"line":108,"column":26}},"109":{"start":{"line":110,"column":0},"end":{"line":110,"column":18}},"110":{"start":{"line":111,"column":0},"end":{"line":111,"column":14}},"112":{"start":{"line":113,"column":0},"end":{"line":113,"column":1}}},"s":{"0":1,"2":1,"3":1,"4":1,"5":1,"6":1,"7":1,"9":2,"10":2,"11":2,"12":2,"13":2,"14":2,"15":2,"16":2,"17":2,"18":2,"20":2,"21":1,"22":0,"23":0,"24":2,"26":2,"27":2,"28":2,"29":2,"30":0,"31":0,"32":0,"33":0,"34":0,"36":2,"37":2,"38":2,"40":0,"41":0,"42":0,"43":0,"44":0,"45":0,"46":0,"47":0,"48":0,"49":0,"51":0,"52":0,"53":0,"54":0,"55":0,"56":0,"57":0,"58":0,"59":0,"60":0,"61":0,"62":0,"63":0,"64":0,"65":0,"66":0,"68":0,"69":0,"70":0,"71":0,"72":0,"73":0,"74":0,"75":0,"76":0,"77":0,"78":0,"79":0,"80":0,"81":0,"82":0,"83":0,"84":0,"85":0,"86":0,"87":0,"88":0,"89":0,"91":0,"92":0,"93":0,"94":0,"95":0,"96":0,"97":0,"98":0,"99":0,"100":0,"101":0,"102":0,"103":0,"104":0,"105":0,"107":0,"109":2,"110":2,"112":2},"branchMap":{"0":{"type":"branch","line":10,"loc":{"start":{"line":10,"column":0},"end":{"line":113,"column":1}},"locations":[{"start":{"line":10,"column":0},"end":{"line":113,"column":1}}]},"1":{"type":"branch","line":37,"loc":{"start":{"line":37,"column":28},"end":{"line":37,"column":67}},"locations":[{"start":{"line":37,"column":28},"end":{"line":37,"column":67}}]},"2":{"type":"branch","line":39,"loc":{"start":{"line":39,"column":28},"end":{"line":108,"column":26}},"locations":[{"start":{"line":39,"column":28},"end":{"line":108,"column":26}}]},"3":{"type":"branch","line":12,"loc":{"start":{"line":12,"column":63},"end":{"line":12,"column":92}},"locations":[{"start":{"line":12,"column":63},"end":{"line":12,"column":92}}]},"4":{"type":"branch","line":21,"loc":{"start":{"line":21,"column":14},"end":{"line":25,"column":7}},"locations":[{"start":{"line":21,"column":14},"end":{"line":25,"column":7}}]},"5":{"type":"branch","line":22,"loc":{"start":{"line":22,"column":18},"end":{"line":24,"column":9}},"locations":[{"start":{"line":22,"column":18},"end":{"line":24,"column":9}}]}},"b":{"0":[2],"1":[0],"2":[0],"3":[4],"4":[1],"5":[0]},"fnMap":{"0":{"name":"DetailedItem","decl":{"start":{"line":10,"column":0},"end":{"line":113,"column":1}},"loc":{"start":{"line":10,"column":0},"end":{"line":113,"column":1}},"line":10},"1":{"name":"onClick","decl":{"start":{"line":30,"column":21},"end":{"line":35,"column":14}},"loc":{"start":{"line":30,"column":21},"end":{"line":35,"column":14}},"line":30},"2":{"name":"onClick","decl":{"start":{"line":45,"column":37},"end":{"line":49,"column":30}},"loc":{"start":{"line":45,"column":37},"end":{"line":49,"column":30}},"line":45}},"f":{"0":2,"1":0,"2":0}}
,"D:\\Study\\!React!\\My-React-Study-App\\my-react-study-app\\src\\widgets\\detailedSection\\detailedItemsControls.tsx": {"path":"D:\\Study\\!React!\\My-React-Study-App\\my-react-study-app\\src\\widgets\\detailedSection\\detailedItemsControls.tsx","all":false,"statementMap":{"0":{"start":{"line":1,"column":0},"end":{"line":1,"column":36}},"1":{"start":{"line":2,"column":0},"end":{"line":2,"column":75}},"2":{"start":{"line":3,"column":0},"end":{"line":3,"column":74}},"3":{"start":{"line":4,"column":0},"end":{"line":4,"column":37}},"4":{"start":{"line":5,"column":0},"end":{"line":5,"column":58}},"6":{"start":{"line":7,"column":0},"end":{"line":7,"column":49}},"7":{"start":{"line":8,"column":0},"end":{"line":8,"column":34}},"8":{"start":{"line":9,"column":0},"end":{"line":9,"column":84}},"9":{"start":{"line":10,"column":0},"end":{"line":10,"column":65}},"10":{"start":{"line":11,"column":0},"end":{"line":11,"column":38}},"12":{"start":{"line":13,"column":0},"end":{"line":13,"column":21}},"13":{"start":{"line":14,"column":0},"end":{"line":14,"column":35}},"14":{"start":{"line":15,"column":0},"end":{"line":15,"column":39}},"15":{"start":{"line":16,"column":0},"end":{"line":16,"column":43}},"16":{"start":{"line":17,"column":0},"end":{"line":17,"column":45}},"17":{"start":{"line":18,"column":0},"end":{"line":18,"column":39}},"18":{"start":{"line":19,"column":0},"end":{"line":19,"column":43}},"19":{"start":{"line":20,"column":0},"end":{"line":20,"column":43}},"20":{"start":{"line":21,"column":0},"end":{"line":21,"column":47}},"21":{"start":{"line":22,"column":0},"end":{"line":22,"column":41}},"22":{"start":{"line":23,"column":0},"end":{"line":23,"column":45}},"23":{"start":{"line":24,"column":0},"end":{"line":24,"column":37}},"24":{"start":{"line":25,"column":0},"end":{"line":25,"column":45}},"25":{"start":{"line":26,"column":0},"end":{"line":26,"column":49}},"26":{"start":{"line":27,"column":0},"end":{"line":27,"column":49}},"27":{"start":{"line":28,"column":0},"end":{"line":28,"column":47}},"28":{"start":{"line":29,"column":0},"end":{"line":29,"column":51}},"29":{"start":{"line":30,"column":0},"end":{"line":30,"column":6}},"31":{"start":{"line":32,"column":0},"end":{"line":32,"column":23}},"32":{"start":{"line":33,"column":0},"end":{"line":33,"column":28}},"33":{"start":{"line":34,"column":0},"end":{"line":34,"column":16}},"34":{"start":{"line":35,"column":0},"end":{"line":35,"column":62}},"35":{"start":{"line":36,"column":0},"end":{"line":36,"column":6}},"37":{"start":{"line":38,"column":0},"end":{"line":38,"column":12}},"38":{"start":{"line":39,"column":0},"end":{"line":39,"column":111}},"39":{"start":{"line":40,"column":0},"end":{"line":40,"column":113}},"40":{"start":{"line":41,"column":0},"end":{"line":41,"column":61}},"41":{"start":{"line":42,"column":0},"end":{"line":42,"column":16}},"42":{"start":{"line":43,"column":0},"end":{"line":43,"column":19}},"43":{"start":{"line":44,"column":0},"end":{"line":44,"column":117}},"44":{"start":{"line":45,"column":0},"end":{"line":45,"column":29}},"45":{"start":{"line":46,"column":0},"end":{"line":46,"column":65}},"46":{"start":{"line":47,"column":0},"end":{"line":47,"column":13}},"48":{"start":{"line":49,"column":0},"end":{"line":49,"column":21}},"49":{"start":{"line":50,"column":0},"end":{"line":50,"column":20}},"50":{"start":{"line":51,"column":0},"end":{"line":51,"column":117}},"51":{"start":{"line":52,"column":0},"end":{"line":52,"column":30}},"52":{"start":{"line":53,"column":0},"end":{"line":53,"column":13}},"54":{"start":{"line":55,"column":0},"end":{"line":55,"column":22}},"55":{"start":{"line":56,"column":0},"end":{"line":56,"column":14}},"57":{"start":{"line":58,"column":0},"end":{"line":58,"column":1}}},"s":{"0":1,"1":1,"2":1,"3":1,"4":1,"6":1,"7":1,"8":1,"9":1,"10":1,"12":1,"13":1,"14":1,"15":1,"16":1,"17":1,"18":1,"19":1,"20":1,"21":1,"22":1,"23":1,"24":1,"25":1,"26":1,"27":1,"28":1,"29":1,"31":1,"32":1,"33":1,"34":1,"35":1,"37":1,"38":1,"39":1,"40":1,"41":1,"42":1,"43":1,"44":1,"45":1,"46":1,"48":1,"49":1,"50":1,"51":1,"52":1,"54":1,"55":1,"57":1},"branchMap":{"0":{"type":"branch","line":7,"loc":{"start":{"line":7,"column":0},"end":{"line":58,"column":1}},"locations":[{"start":{"line":7,"column":0},"end":{"line":58,"column":1}}]},"1":{"type":"branch","line":39,"loc":{"start":{"line":39,"column":24},"end":{"line":39,"column":72}},"locations":[{"start":{"line":39,"column":24},"end":{"line":39,"column":72}}]},"2":{"type":"branch","line":40,"loc":{"start":{"line":40,"column":26},"end":{"line":40,"column":74}},"locations":[{"start":{"line":40,"column":26},"end":{"line":40,"column":74}}]},"3":{"type":"branch","line":44,"loc":{"start":{"line":44,"column":27},"end":{"line":44,"column":77}},"locations":[{"start":{"line":44,"column":27},"end":{"line":44,"column":77}}]},"4":{"type":"branch","line":51,"loc":{"start":{"line":51,"column":27},"end":{"line":51,"column":77}},"locations":[{"start":{"line":51,"column":27},"end":{"line":51,"column":77}}]},"5":{"type":"branch","line":9,"loc":{"start":{"line":9,"column":45},"end":{"line":9,"column":82}},"locations":[{"start":{"line":9,"column":45},"end":{"line":9,"column":82}}]}},"b":{"0":[1],"1":[0],"2":[0],"3":[0],"4":[0],"5":[2]},"fnMap":{"0":{"name":"DetailedItemsControls","decl":{"start":{"line":7,"column":0},"end":{"line":58,"column":1}},"loc":{"start":{"line":7,"column":0},"end":{"line":58,"column":1}},"line":7},"1":{"name":"onClick","decl":{"start":{"line":46,"column":25},"end":{"line":46,"column":65}},"loc":{"start":{"line":46,"column":25},"end":{"line":46,"column":65}},"line":46}},"f":{"0":1,"1":0}}
,"D:\\Study\\!React!\\My-React-Study-App\\my-react-study-app\\src\\widgets\\errorBoundary\\errorBoundary.tsx": {"path":"D:\\Study\\!React!\\My-React-Study-App\\my-react-study-app\\src\\widgets\\errorBoundary\\errorBoundary.tsx","all":false,"statementMap":{"0":{"start":{"line":1,"column":0},"end":{"line":1,"column":45}},"1":{"start":{"line":2,"column":0},"end":{"line":2,"column":38}},"2":{"start":{"line":3,"column":0},"end":{"line":3,"column":56}},"8":{"start":{"line":9,"column":0},"end":{"line":9,"column":61}},"9":{"start":{"line":10,"column":0},"end":{"line":10,"column":28}},"11":{"start":{"line":12,"column":0},"end":{"line":12,"column":37}},"12":{"start":{"line":13,"column":0},"end":{"line":13,"column":23}},"13":{"start":{"line":14,"column":0},"end":{"line":14,"column":18}},"14":{"start":{"line":15,"column":0},"end":{"line":15,"column":11}},"15":{"start":{"line":16,"column":0},"end":{"line":16,"column":5}},"17":{"start":{"line":18,"column":0},"end":{"line":18,"column":14}},"18":{"start":{"line":19,"column":0},"end":{"line":19,"column":31}},"19":{"start":{"line":20,"column":0},"end":{"line":20,"column":20}},"20":{"start":{"line":21,"column":0},"end":{"line":21,"column":18}},"21":{"start":{"line":22,"column":0},"end":{"line":22,"column":30}},"22":{"start":{"line":23,"column":0},"end":{"line":23,"column":36}},"23":{"start":{"line":24,"column":0},"end":{"line":24,"column":19}},"25":{"start":{"line":26,"column":0},"end":{"line":26,"column":9}},"26":{"start":{"line":27,"column":0},"end":{"line":27,"column":35}},"27":{"start":{"line":28,"column":0},"end":{"line":28,"column":5}},"28":{"start":{"line":29,"column":0},"end":{"line":29,"column":1}}},"s":{"0":1,"1":1,"2":1,"8":0,"9":0,"11":0,"12":0,"13":0,"14":0,"15":0,"17":0,"18":0,"19":0,"20":0,"21":0,"22":0,"23":0,"25":0,"26":0,"27":0,"28":0},"branchMap":{"0":{"type":"branch","line":9,"loc":{"start":{"line":9,"column":0},"end":{"line":29,"column":1}},"locations":[{"start":{"line":9,"column":0},"end":{"line":29,"column":1}}]}},"b":{"0":[0]},"fnMap":{"0":{"name":"<instance_members_initializer>","decl":{"start":{"line":9,"column":0},"end":{"line":29,"column":1}},"loc":{"start":{"line":9,"column":0},"end":{"line":29,"column":1}},"line":9}},"f":{"0":0}}
,"D:\\Study\\!React!\\My-React-Study-App\\my-react-study-app\\src\\widgets\\errorSection\\errorSection.tsx": {"path":"D:\\Study\\!React!\\My-React-Study-App\\my-react-study-app\\src\\widgets\\errorSection\\errorSection.tsx","all":false,"statementMap":{"0":{"start":{"line":1,"column":0},"end":{"line":1,"column":40}},"1":{"start":{"line":2,"column":0},"end":{"line":2,"column":12}},"2":{"start":{"line":3,"column":0},"end":{"line":3,"column":31}},"3":{"start":{"line":4,"column":0},"end":{"line":4,"column":43}},"4":{"start":{"line":5,"column":0},"end":{"line":5,"column":79}},"5":{"start":{"line":6,"column":0},"end":{"line":6,"column":110}},"6":{"start":{"line":7,"column":0},"end":{"line":7,"column":18}},"7":{"start":{"line":8,"column":0},"end":{"line":8,"column":15}},"9":{"start":{"line":10,"column":0},"end":{"line":10,"column":1}}},"s":{"0":1,"1":1,"2":1,"3":1,"4":1,"5":1,"6":1,"7":1,"9":1},"branchMap":{"0":{"type":"branch","line":1,"loc":{"start":{"line":1,"column":0},"end":{"line":10,"column":1}},"locations":[{"start":{"line":1,"column":0},"end":{"line":10,"column":1}}]}},"b":{"0":[1]},"fnMap":{"0":{"name":"ErrorSection","decl":{"start":{"line":1,"column":0},"end":{"line":10,"column":1}},"loc":{"start":{"line":1,"column":0},"end":{"line":10,"column":1}},"line":1}},"f":{"0":1}}
,"D:\\Study\\!React!\\My-React-Study-App\\my-react-study-app\\src\\widgets\\header\\header.tsx": {"path":"D:\\Study\\!React!\\My-React-Study-App\\my-react-study-app\\src\\widgets\\header\\header.tsx","all":false,"statementMap":{"0":{"start":{"line":1,"column":0},"end":{"line":1,"column":44}},"1":{"start":{"line":2,"column":0},"end":{"line":2,"column":22}},"3":{"start":{"line":4,"column":0},"end":{"line":4,"column":54}},"4":{"start":{"line":5,"column":0},"end":{"line":5,"column":50}},"5":{"start":{"line":6,"column":0},"end":{"line":6,"column":58}},"6":{"start":{"line":7,"column":0},"end":{"line":7,"column":59}},"8":{"start":{"line":9,"column":0},"end":{"line":9,"column":65}},"9":{"start":{"line":10,"column":0},"end":{"line":10,"column":53}},"11":{"start":{"line":12,"column":0},"end":{"line":12,"column":34}},"12":{"start":{"line":13,"column":0},"end":{"line":13,"column":52}},"13":{"start":{"line":14,"column":0},"end":{"line":14,"column":47}},"14":{"start":{"line":15,"column":0},"end":{"line":15,"column":53}},"15":{"start":{"line":16,"column":0},"end":{"line":16,"column":38}},"17":{"start":{"line":18,"column":0},"end":{"line":18,"column":21}},"18":{"start":{"line":19,"column":0},"end":{"line":19,"column":23}},"19":{"start":{"line":20,"column":0},"end":{"line":20,"column":42}},"20":{"start":{"line":21,"column":0},"end":{"line":21,"column":9}},"21":{"start":{"line":22,"column":0},"end":{"line":22,"column":19}},"23":{"start":{"line":24,"column":0},"end":{"line":24,"column":12}},"24":{"start":{"line":25,"column":0},"end":{"line":25,"column":68}},"25":{"start":{"line":26,"column":0},"end":{"line":26,"column":19}},"26":{"start":{"line":27,"column":0},"end":{"line":27,"column":29}},"27":{"start":{"line":28,"column":0},"end":{"line":28,"column":79}},"28":{"start":{"line":29,"column":0},"end":{"line":29,"column":63}},"29":{"start":{"line":30,"column":0},"end":{"line":30,"column":13}},"31":{"start":{"line":32,"column":0},"end":{"line":32,"column":21}},"32":{"start":{"line":33,"column":0},"end":{"line":33,"column":19}},"33":{"start":{"line":34,"column":0},"end":{"line":34,"column":29}},"34":{"start":{"line":35,"column":0},"end":{"line":35,"column":93}},"35":{"start":{"line":36,"column":0},"end":{"line":36,"column":49}},"36":{"start":{"line":37,"column":0},"end":{"line":37,"column":13}},"38":{"start":{"line":39,"column":0},"end":{"line":39,"column":21}},"39":{"start":{"line":40,"column":0},"end":{"line":40,"column":26}},"40":{"start":{"line":41,"column":0},"end":{"line":41,"column":19}},"41":{"start":{"line":42,"column":0},"end":{"line":42,"column":29}},"42":{"start":{"line":43,"column":0},"end":{"line":43,"column":81}},"43":{"start":{"line":44,"column":0},"end":{"line":44,"column":37}},"45":{"start":{"line":46,"column":0},"end":{"line":46,"column":52}},"46":{"start":{"line":47,"column":0},"end":{"line":47,"column":102}},"47":{"start":{"line":48,"column":0},"end":{"line":48,"column":22}},"48":{"start":{"line":49,"column":0},"end":{"line":49,"column":21}},"49":{"start":{"line":50,"column":0},"end":{"line":50,"column":17}},"51":{"start":{"line":52,"column":0},"end":{"line":52,"column":1}}},"s":{"0":1,"1":1,"3":1,"4":1,"5":1,"6":1,"8":1,"9":1,"11":1,"12":1,"13":1,"14":1,"15":1,"17":1,"18":1,"19":0,"20":0,"21":1,"23":1,"24":1,"25":1,"26":1,"27":1,"28":1,"29":1,"31":1,"32":1,"33":1,"34":1,"35":1,"36":1,"38":1,"39":1,"40":1,"41":1,"42":1,"43":1,"45":1,"46":1,"47":1,"48":1,"49":1,"51":1},"branchMap":{"0":{"type":"branch","line":12,"loc":{"start":{"line":12,"column":0},"end":{"line":52,"column":1}},"locations":[{"start":{"line":12,"column":0},"end":{"line":52,"column":1}}]},"1":{"type":"branch","line":25,"loc":{"start":{"line":25,"column":27},"end":{"line":25,"column":52}},"locations":[{"start":{"line":25,"column":27},"end":{"line":25,"column":52}}]},"2":{"type":"branch","line":28,"loc":{"start":{"line":28,"column":27},"end":{"line":28,"column":58}},"locations":[{"start":{"line":28,"column":27},"end":{"line":28,"column":58}}]},"3":{"type":"branch","line":35,"loc":{"start":{"line":35,"column":27},"end":{"line":35,"column":65}},"locations":[{"start":{"line":35,"column":27},"end":{"line":35,"column":65}}]},"4":{"type":"branch","line":43,"loc":{"start":{"line":43,"column":27},"end":{"line":43,"column":59}},"locations":[{"start":{"line":43,"column":27},"end":{"line":43,"column":59}}]},"5":{"type":"branch","line":47,"loc":{"start":{"line":47,"column":36},"end":{"line":47,"column":79}},"locations":[{"start":{"line":47,"column":36},"end":{"line":47,"column":79}}]},"6":{"type":"branch","line":18,"loc":{"start":{"line":18,"column":14},"end":{"line":22,"column":7}},"locations":[{"start":{"line":18,"column":14},"end":{"line":22,"column":7}}]},"7":{"type":"branch","line":19,"loc":{"start":{"line":19,"column":22},"end":{"line":21,"column":9}},"locations":[{"start":{"line":19,"column":22},"end":{"line":21,"column":9}}]}},"b":{"0":[1],"1":[0],"2":[0],"3":[0],"4":[0],"5":[0],"6":[1],"7":[0]},"fnMap":{"0":{"name":"Header","decl":{"start":{"line":12,"column":0},"end":{"line":52,"column":1}},"loc":{"start":{"line":12,"column":0},"end":{"line":52,"column":1}},"line":12},"1":{"name":"onClick","decl":{"start":{"line":29,"column":25},"end":{"line":29,"column":63}},"loc":{"start":{"line":29,"column":25},"end":{"line":29,"column":63}},"line":29},"2":{"name":"onClick","decl":{"start":{"line":36,"column":25},"end":{"line":36,"column":49}},"loc":{"start":{"line":36,"column":25},"end":{"line":36,"column":49}},"line":36}},"f":{"0":1,"1":0,"2":0}}
,"D:\\Study\\!React!\\My-React-Study-App\\my-react-study-app\\src\\widgets\\itemsSection\\itemsSection.tsx": {"path":"D:\\Study\\!React!\\My-React-Study-App\\my-react-study-app\\src\\widgets\\itemsSection\\itemsSection.tsx","all":false,"statementMap":{"0":{"start":{"line":1,"column":0},"end":{"line":1,"column":50}},"2":{"start":{"line":3,"column":0},"end":{"line":3,"column":28}},"3":{"start":{"line":4,"column":0},"end":{"line":4,"column":34}},"4":{"start":{"line":5,"column":0},"end":{"line":5,"column":74}},"5":{"start":{"line":6,"column":0},"end":{"line":6,"column":53}},"7":{"start":{"line":8,"column":0},"end":{"line":8,"column":50}},"8":{"start":{"line":9,"column":0},"end":{"line":9,"column":38}},"9":{"start":{"line":10,"column":0},"end":{"line":10,"column":59}},"10":{"start":{"line":11,"column":0},"end":{"line":11,"column":56}},"11":{"start":{"line":12,"column":0},"end":{"line":12,"column":75}},"12":{"start":{"line":13,"column":0},"end":{"line":13,"column":77}},"13":{"start":{"line":14,"column":0},"end":{"line":14,"column":58}},"15":{"start":{"line":16,"column":0},"end":{"line":16,"column":40}},"16":{"start":{"line":17,"column":0},"end":{"line":17,"column":34}},"17":{"start":{"line":18,"column":0},"end":{"line":18,"column":119}},"18":{"start":{"line":19,"column":0},"end":{"line":19,"column":84}},"19":{"start":{"line":20,"column":0},"end":{"line":20,"column":80}},"20":{"start":{"line":21,"column":0},"end":{"line":21,"column":60}},"21":{"start":{"line":22,"column":0},"end":{"line":22,"column":93}},"22":{"start":{"line":23,"column":0},"end":{"line":23,"column":38}},"23":{"start":{"line":24,"column":0},"end":{"line":24,"column":55}},"25":{"start":{"line":26,"column":0},"end":{"line":26,"column":21}},"26":{"start":{"line":27,"column":0},"end":{"line":27,"column":19}},"27":{"start":{"line":28,"column":0},"end":{"line":28,"column":40}},"28":{"start":{"line":29,"column":0},"end":{"line":29,"column":9}},"29":{"start":{"line":30,"column":0},"end":{"line":30,"column":15}},"31":{"start":{"line":32,"column":0},"end":{"line":32,"column":12}},"32":{"start":{"line":33,"column":0},"end":{"line":33,"column":10}},"33":{"start":{"line":34,"column":0},"end":{"line":34,"column":24}},"34":{"start":{"line":35,"column":0},"end":{"line":35,"column":26}},"36":{"start":{"line":37,"column":0},"end":{"line":37,"column":70}},"37":{"start":{"line":38,"column":0},"end":{"line":38,"column":51}},"38":{"start":{"line":39,"column":0},"end":{"line":39,"column":55}},"39":{"start":{"line":40,"column":0},"end":{"line":40,"column":66}},"40":{"start":{"line":41,"column":0},"end":{"line":41,"column":61}},"41":{"start":{"line":42,"column":0},"end":{"line":42,"column":110}},"42":{"start":{"line":43,"column":0},"end":{"line":43,"column":73}},"43":{"start":{"line":44,"column":0},"end":{"line":44,"column":83}},"44":{"start":{"line":45,"column":0},"end":{"line":45,"column":48}},"45":{"start":{"line":46,"column":0},"end":{"line":46,"column":51}},"46":{"start":{"line":47,"column":0},"end":{"line":47,"column":61}},"47":{"start":{"line":48,"column":0},"end":{"line":48,"column":107}},"48":{"start":{"line":49,"column":0},"end":{"line":49,"column":83}},"49":{"start":{"line":50,"column":0},"end":{"line":50,"column":72}},"50":{"start":{"line":51,"column":0},"end":{"line":51,"column":65}},"51":{"start":{"line":52,"column":0},"end":{"line":52,"column":95}},"52":{"start":{"line":53,"column":0},"end":{"line":53,"column":112}},"53":{"start":{"line":54,"column":0},"end":{"line":54,"column":95}},"54":{"start":{"line":55,"column":0},"end":{"line":55,"column":96}},"55":{"start":{"line":56,"column":0},"end":{"line":56,"column":96}},"56":{"start":{"line":57,"column":0},"end":{"line":57,"column":53}},"57":{"start":{"line":58,"column":0},"end":{"line":58,"column":50}},"59":{"start":{"line":60,"column":0},"end":{"line":60,"column":54}},"60":{"start":{"line":61,"column":0},"end":{"line":61,"column":83}},"61":{"start":{"line":62,"column":0},"end":{"line":62,"column":67}},"62":{"start":{"line":63,"column":0},"end":{"line":63,"column":80}},"63":{"start":{"line":64,"column":0},"end":{"line":64,"column":118}},"64":{"start":{"line":65,"column":0},"end":{"line":65,"column":54}},"65":{"start":{"line":66,"column":0},"end":{"line":66,"column":70}},"66":{"start":{"line":67,"column":0},"end":{"line":67,"column":79}},"67":{"start":{"line":68,"column":0},"end":{"line":68,"column":100}},"68":{"start":{"line":69,"column":0},"end":{"line":69,"column":64}},"69":{"start":{"line":70,"column":0},"end":{"line":70,"column":102}},"70":{"start":{"line":71,"column":0},"end":{"line":71,"column":57}},"71":{"start":{"line":72,"column":0},"end":{"line":72,"column":54}},"72":{"start":{"line":73,"column":0},"end":{"line":73,"column":50}},"73":{"start":{"line":74,"column":0},"end":{"line":74,"column":79}},"74":{"start":{"line":75,"column":0},"end":{"line":75,"column":53}},"76":{"start":{"line":77,"column":0},"end":{"line":77,"column":39}},"77":{"start":{"line":78,"column":0},"end":{"line":78,"column":38}},"78":{"start":{"line":79,"column":0},"end":{"line":79,"column":94}},"79":{"start":{"line":80,"column":0},"end":{"line":80,"column":34}},"80":{"start":{"line":81,"column":0},"end":{"line":81,"column":75}},"81":{"start":{"line":82,"column":0},"end":{"line":82,"column":30}},"82":{"start":{"line":83,"column":0},"end":{"line":83,"column":26}},"83":{"start":{"line":84,"column":0},"end":{"line":84,"column":23}},"85":{"start":{"line":86,"column":0},"end":{"line":86,"column":11}},"87":{"start":{"line":88,"column":0},"end":{"line":88,"column":1}}},"s":{"0":1,"2":1,"3":1,"4":1,"5":1,"7":1,"8":1,"9":1,"10":1,"11":1,"12":1,"13":1,"15":2,"16":2,"17":2,"18":2,"19":2,"20":2,"21":2,"22":2,"23":2,"25":2,"26":1,"27":0,"28":0,"29":2,"31":2,"32":2,"33":2,"34":2,"36":0,"37":0,"38":0,"39":0,"40":0,"41":0,"42":0,"43":0,"44":0,"45":0,"46":0,"47":0,"48":0,"49":0,"50":0,"51":0,"52":0,"53":0,"54":0,"55":0,"56":0,"57":0,"59":0,"60":0,"61":0,"62":0,"63":0,"64":0,"65":0,"66":0,"67":0,"68":0,"69":0,"70":0,"71":0,"72":0,"73":0,"74":0,"76":0,"77":0,"78":0,"79":0,"80":0,"81":0,"82":0,"83":0,"85":2,"87":2},"branchMap":{"0":{"type":"branch","line":16,"loc":{"start":{"line":16,"column":0},"end":{"line":88,"column":1}},"locations":[{"start":{"line":16,"column":0},"end":{"line":88,"column":1}}]},"1":{"type":"branch","line":35,"loc":{"start":{"line":35,"column":24},"end":{"line":84,"column":23}},"locations":[{"start":{"line":35,"column":24},"end":{"line":84,"column":23}}]},"2":{"type":"branch","line":18,"loc":{"start":{"line":18,"column":88},"end":{"line":18,"column":117}},"locations":[{"start":{"line":18,"column":88},"end":{"line":18,"column":117}}]},"3":{"type":"branch","line":19,"loc":{"start":{"line":19,"column":45},"end":{"line":19,"column":82}},"locations":[{"start":{"line":19,"column":45},"end":{"line":19,"column":82}}]},"4":{"type":"branch","line":26,"loc":{"start":{"line":26,"column":14},"end":{"line":30,"column":7}},"locations":[{"start":{"line":26,"column":14},"end":{"line":30,"column":7}}]},"5":{"type":"branch","line":27,"loc":{"start":{"line":27,"column":18},"end":{"line":29,"column":9}},"locations":[{"start":{"line":27,"column":18},"end":{"line":29,"column":9}}]}},"b":{"0":[2],"1":[0],"2":[4],"3":[4],"4":[1],"5":[0]},"fnMap":{"0":{"name":"ItemsSection","decl":{"start":{"line":16,"column":0},"end":{"line":88,"column":1}},"loc":{"start":{"line":16,"column":0},"end":{"line":88,"column":1}},"line":16}},"f":{"0":2}}
,"D:\\Study\\!React!\\My-React-Study-App\\my-react-study-app\\src\\widgets\\loader\\loader.tsx": {"path":"D:\\Study\\!React!\\My-React-Study-App\\my-react-study-app\\src\\widgets\\loader\\loader.tsx","all":false,"statementMap":{"0":{"start":{"line":1,"column":0},"end":{"line":1,"column":22}},"2":{"start":{"line":3,"column":0},"end":{"line":3,"column":34}},"3":{"start":{"line":4,"column":0},"end":{"line":4,"column":12}},"4":{"start":{"line":5,"column":0},"end":{"line":5,"column":40}},"5":{"start":{"line":6,"column":0},"end":{"line":6,"column":36}},"6":{"start":{"line":7,"column":0},"end":{"line":7,"column":48}},"7":{"start":{"line":8,"column":0},"end":{"line":8,"column":18}},"8":{"start":{"line":9,"column":0},"end":{"line":9,"column":14}},"10":{"start":{"line":11,"column":0},"end":{"line":11,"column":1}}},"s":{"0":1,"2":5,"3":5,"4":5,"5":5,"6":5,"7":5,"8":5,"10":5},"branchMap":{"0":{"type":"branch","line":3,"loc":{"start":{"line":3,"column":0},"end":{"line":11,"column":1}},"locations":[{"start":{"line":3,"column":0},"end":{"line":11,"column":1}}]}},"b":{"0":[5]},"fnMap":{"0":{"name":"Loader","decl":{"start":{"line":3,"column":0},"end":{"line":11,"column":1}},"loc":{"start":{"line":3,"column":0},"end":{"line":11,"column":1}},"line":3}},"f":{"0":5}}
,"D:\\Study\\!React!\\My-React-Study-App\\my-react-study-app\\src\\widgets\\pagination\\pagination.tsx": {"path":"D:\\Study\\!React!\\My-React-Study-App\\my-react-study-app\\src\\widgets\\pagination\\pagination.tsx","all":false,"statementMap":{"0":{"start":{"line":1,"column":0},"end":{"line":1,"column":54}},"1":{"start":{"line":2,"column":0},"end":{"line":2,"column":59}},"3":{"start":{"line":4,"column":0},"end":{"line":4,"column":26}},"5":{"start":{"line":6,"column":0},"end":{"line":6,"column":60}},"6":{"start":{"line":7,"column":0},"end":{"line":7,"column":27}},"7":{"start":{"line":8,"column":0},"end":{"line":8,"column":50}},"8":{"start":{"line":9,"column":0},"end":{"line":9,"column":38}},"10":{"start":{"line":11,"column":0},"end":{"line":11,"column":23}},"11":{"start":{"line":12,"column":0},"end":{"line":12,"column":29}},"12":{"start":{"line":13,"column":0},"end":{"line":13,"column":58}},"13":{"start":{"line":14,"column":0},"end":{"line":14,"column":12}},"14":{"start":{"line":15,"column":0},"end":{"line":15,"column":58}},"15":{"start":{"line":16,"column":0},"end":{"line":16,"column":5}},"17":{"start":{"line":18,"column":0},"end":{"line":18,"column":12}},"18":{"start":{"line":19,"column":0},"end":{"line":19,"column":42}},"19":{"start":{"line":20,"column":0},"end":{"line":20,"column":19}},"20":{"start":{"line":21,"column":0},"end":{"line":21,"column":29}},"21":{"start":{"line":22,"column":0},"end":{"line":22,"column":46}},"22":{"start":{"line":23,"column":0},"end":{"line":23,"column":45}},"23":{"start":{"line":24,"column":0},"end":{"line":24,"column":32}},"24":{"start":{"line":25,"column":0},"end":{"line":25,"column":61}},"25":{"start":{"line":26,"column":0},"end":{"line":26,"column":18}},"26":{"start":{"line":27,"column":0},"end":{"line":27,"column":13}},"28":{"start":{"line":29,"column":0},"end":{"line":29,"column":21}},"29":{"start":{"line":30,"column":0},"end":{"line":30,"column":74}},"30":{"start":{"line":31,"column":0},"end":{"line":31,"column":28}},"31":{"start":{"line":32,"column":0},"end":{"line":32,"column":21}},"32":{"start":{"line":33,"column":0},"end":{"line":33,"column":19}},"33":{"start":{"line":34,"column":0},"end":{"line":34,"column":29}},"34":{"start":{"line":35,"column":0},"end":{"line":35,"column":46}},"35":{"start":{"line":36,"column":0},"end":{"line":36,"column":45}},"36":{"start":{"line":37,"column":0},"end":{"line":37,"column":32}},"37":{"start":{"line":38,"column":0},"end":{"line":38,"column":61}},"38":{"start":{"line":39,"column":0},"end":{"line":39,"column":18}},"39":{"start":{"line":40,"column":0},"end":{"line":40,"column":13}},"41":{"start":{"line":42,"column":0},"end":{"line":42,"column":21}},"42":{"start":{"line":43,"column":0},"end":{"line":43,"column":14}},"44":{"start":{"line":45,"column":0},"end":{"line":45,"column":1}}},"s":{"0":1,"1":1,"3":1,"5":0,"6":0,"7":0,"8":0,"10":0,"11":0,"12":0,"13":0,"14":0,"15":0,"17":0,"18":0,"19":0,"20":0,"21":0,"22":0,"23":0,"24":0,"25":0,"26":0,"28":0,"29":0,"30":0,"31":0,"32":0,"33":0,"34":0,"35":0,"36":0,"37":0,"38":0,"39":0,"41":0,"42":0,"44":0},"branchMap":{},"b":{},"fnMap":{"0":{"name":"Pagination","decl":{"start":{"line":6,"column":0},"end":{"line":45,"column":1}},"loc":{"start":{"line":6,"column":0},"end":{"line":45,"column":1}},"line":6}},"f":{"0":0}}
,"D:\\Study\\!React!\\My-React-Study-App\\my-react-study-app\\src\\widgets\\searchForm\\searchFrom.tsx": {"path":"D:\\Study\\!React!\\My-React-Study-App\\my-react-study-app\\src\\widgets\\searchForm\\searchFrom.tsx","all":false,"statementMap":{"0":{"start":{"line":1,"column":0},"end":{"line":1,"column":26}},"1":{"start":{"line":2,"column":0},"end":{"line":2,"column":74}},"2":{"start":{"line":3,"column":0},"end":{"line":3,"column":59}},"3":{"start":{"line":4,"column":0},"end":{"line":4,"column":58}},"5":{"start":{"line":6,"column":0},"end":{"line":6,"column":38}},"6":{"start":{"line":7,"column":0},"end":{"line":7,"column":34}},"7":{"start":{"line":8,"column":0},"end":{"line":8,"column":70}},"8":{"start":{"line":9,"column":0},"end":{"line":9,"column":83}},"9":{"start":{"line":10,"column":0},"end":{"line":10,"column":38}},"11":{"start":{"line":12,"column":0},"end":{"line":12,"column":55}},"12":{"start":{"line":13,"column":0},"end":{"line":13,"column":31}},"13":{"start":{"line":14,"column":0},"end":{"line":14,"column":53}},"14":{"start":{"line":15,"column":0},"end":{"line":15,"column":40}},"15":{"start":{"line":16,"column":0},"end":{"line":16,"column":71}},"16":{"start":{"line":17,"column":0},"end":{"line":17,"column":43}},"17":{"start":{"line":18,"column":0},"end":{"line":18,"column":36}},"18":{"start":{"line":19,"column":0},"end":{"line":19,"column":37}},"19":{"start":{"line":20,"column":0},"end":{"line":20,"column":6}},"21":{"start":{"line":22,"column":0},"end":{"line":22,"column":12}},"22":{"start":{"line":23,"column":0},"end":{"line":23,"column":103}},"23":{"start":{"line":24,"column":0},"end":{"line":24,"column":18}},"24":{"start":{"line":25,"column":0},"end":{"line":25,"column":91}},"25":{"start":{"line":26,"column":0},"end":{"line":26,"column":34}},"26":{"start":{"line":27,"column":0},"end":{"line":27,"column":39}},"27":{"start":{"line":28,"column":0},"end":{"line":28,"column":14}},"28":{"start":{"line":29,"column":0},"end":{"line":29,"column":112}},"30":{"start":{"line":31,"column":0},"end":{"line":31,"column":21}},"31":{"start":{"line":32,"column":0},"end":{"line":32,"column":15}},"33":{"start":{"line":34,"column":0},"end":{"line":34,"column":1}}},"s":{"0":1,"1":1,"2":1,"3":1,"5":1,"6":1,"7":1,"8":1,"9":1,"11":1,"12":0,"13":0,"14":0,"15":0,"16":0,"17":0,"18":0,"19":0,"21":1,"22":1,"23":1,"24":1,"25":1,"26":1,"27":1,"28":1,"30":1,"31":1,"33":1},"branchMap":{"0":{"type":"branch","line":6,"loc":{"start":{"line":6,"column":0},"end":{"line":34,"column":1}},"locations":[{"start":{"line":6,"column":0},"end":{"line":34,"column":1}}]},"1":{"type":"branch","line":23,"loc":{"start":{"line":23,"column":37},"end":{"line":23,"column":58}},"locations":[{"start":{"line":23,"column":37},"end":{"line":23,"column":58}}]},"2":{"type":"branch","line":25,"loc":{"start":{"line":25,"column":27},"end":{"line":25,"column":64}},"locations":[{"start":{"line":25,"column":27},"end":{"line":25,"column":64}}]},"3":{"type":"branch","line":29,"loc":{"start":{"line":29,"column":45},"end":{"line":29,"column":83}},"locations":[{"start":{"line":29,"column":45},"end":{"line":29,"column":83}}]},"4":{"type":"branch","line":8,"loc":{"start":{"line":8,"column":39},"end":{"line":8,"column":68}},"locations":[{"start":{"line":8,"column":39},"end":{"line":8,"column":68}}]}},"b":{"0":[1],"1":[0],"2":[0],"3":[0],"4":[2]},"fnMap":{"0":{"name":"SearchForm","decl":{"start":{"line":6,"column":0},"end":{"line":34,"column":1}},"loc":{"start":{"line":6,"column":0},"end":{"line":34,"column":1}},"line":6},"1":{"name":"onSubmitClick","decl":{"start":{"line":12,"column":26},"end":{"line":20,"column":6}},"loc":{"start":{"line":12,"column":26},"end":{"line":20,"column":6}},"line":12}},"f":{"0":1,"1":0}}
,"D:\\Study\\!React!\\My-React-Study-App\\my-react-study-app\\src\\widgets\\startSection\\startSection.tsx": {"path":"D:\\Study\\!React!\\My-React-Study-App\\my-react-study-app\\src\\widgets\\startSection\\startSection.tsx","all":false,"statementMap":{"0":{"start":{"line":1,"column":0},"end":{"line":1,"column":58}},"1":{"start":{"line":2,"column":0},"end":{"line":2,"column":59}},"2":{"start":{"line":3,"column":0},"end":{"line":3,"column":28}},"3":{"start":{"line":4,"column":0},"end":{"line":4,"column":58}},"5":{"start":{"line":6,"column":0},"end":{"line":6,"column":40}},"6":{"start":{"line":7,"column":0},"end":{"line":7,"column":34}},"7":{"start":{"line":8,"column":0},"end":{"line":8,"column":46}},"8":{"start":{"line":9,"column":0},"end":{"line":9,"column":38}},"10":{"start":{"line":11,"column":0},"end":{"line":11,"column":12}},"11":{"start":{"line":12,"column":0},"end":{"line":12,"column":62}},"12":{"start":{"line":13,"column":0},"end":{"line":13,"column":43}},"13":{"start":{"line":14,"column":0},"end":{"line":14,"column":47}},"14":{"start":{"line":15,"column":0},"end":{"line":15,"column":58}},"15":{"start":{"line":16,"column":0},"end":{"line":16,"column":53}},"16":{"start":{"line":17,"column":0},"end":{"line":17,"column":35}},"17":{"start":{"line":18,"column":0},"end":{"line":18,"column":45}},"18":{"start":{"line":19,"column":0},"end":{"line":19,"column":93}},"19":{"start":{"line":20,"column":0},"end":{"line":20,"column":81}},"20":{"start":{"line":21,"column":0},"end":{"line":21,"column":29}},"22":{"start":{"line":23,"column":0},"end":{"line":23,"column":37}},"23":{"start":{"line":24,"column":0},"end":{"line":24,"column":35}},"24":{"start":{"line":25,"column":0},"end":{"line":25,"column":45}},"25":{"start":{"line":26,"column":0},"end":{"line":26,"column":93}},"26":{"start":{"line":27,"column":0},"end":{"line":27,"column":79}},"27":{"start":{"line":28,"column":0},"end":{"line":28,"column":29}},"29":{"start":{"line":30,"column":0},"end":{"line":30,"column":37}},"30":{"start":{"line":31,"column":0},"end":{"line":31,"column":35}},"31":{"start":{"line":32,"column":0},"end":{"line":32,"column":45}},"32":{"start":{"line":33,"column":0},"end":{"line":33,"column":93}},"33":{"start":{"line":34,"column":0},"end":{"line":34,"column":80}},"34":{"start":{"line":35,"column":0},"end":{"line":35,"column":29}},"36":{"start":{"line":37,"column":0},"end":{"line":37,"column":37}},"37":{"start":{"line":38,"column":0},"end":{"line":38,"column":30}},"38":{"start":{"line":39,"column":0},"end":{"line":39,"column":26}},"39":{"start":{"line":40,"column":0},"end":{"line":40,"column":22}},"40":{"start":{"line":41,"column":0},"end":{"line":41,"column":18}},"41":{"start":{"line":42,"column":0},"end":{"line":42,"column":15}},"43":{"start":{"line":44,"column":0},"end":{"line":44,"column":1}}},"s":{"0":1,"1":1,"2":1,"3":1,"5":1,"6":1,"7":1,"8":1,"10":1,"11":1,"12":1,"13":1,"14":1,"15":1,"16":1,"17":1,"18":1,"19":1,"20":1,"22":1,"23":1,"24":1,"25":1,"26":1,"27":1,"29":1,"30":1,"31":1,"32":1,"33":1,"34":1,"36":1,"37":1,"38":1,"39":1,"40":1,"41":1,"43":1},"branchMap":{"0":{"type":"branch","line":6,"loc":{"start":{"line":6,"column":0},"end":{"line":44,"column":1}},"locations":[{"start":{"line":6,"column":0},"end":{"line":44,"column":1}}]},"1":{"type":"branch","line":12,"loc":{"start":{"line":12,"column":25},"end":{"line":12,"column":48}},"locations":[{"start":{"line":12,"column":25},"end":{"line":12,"column":48}}]},"2":{"type":"branch","line":19,"loc":{"start":{"line":19,"column":43},"end":{"line":19,"column":73}},"locations":[{"start":{"line":19,"column":43},"end":{"line":19,"column":73}}]},"3":{"type":"branch","line":26,"loc":{"start":{"line":26,"column":43},"end":{"line":26,"column":73}},"locations":[{"start":{"line":26,"column":43},"end":{"line":26,"column":73}}]},"4":{"type":"branch","line":33,"loc":{"start":{"line":33,"column":43},"end":{"line":33,"column":73}},"locations":[{"start":{"line":33,"column":43},"end":{"line":33,"column":73}}]}},"b":{"0":[1],"1":[0],"2":[0],"3":[0],"4":[0]},"fnMap":{"0":{"name":"StartSection","decl":{"start":{"line":6,"column":0},"end":{"line":44,"column":1}},"loc":{"start":{"line":6,"column":0},"end":{"line":44,"column":1}},"line":6},"1":{"name":"onClick","decl":{"start":{"line":20,"column":41},"end":{"line":20,"column":81}},"loc":{"start":{"line":20,"column":41},"end":{"line":20,"column":81}},"line":20},"2":{"name":"onClick","decl":{"start":{"line":27,"column":41},"end":{"line":27,"column":79}},"loc":{"start":{"line":27,"column":41},"end":{"line":27,"column":79}},"line":27},"3":{"name":"onClick","decl":{"start":{"line":34,"column":41},"end":{"line":34,"column":80}},"loc":{"start":{"line":34,"column":41},"end":{"line":34,"column":80}},"line":34}},"f":{"0":1,"1":0,"2":0,"3":0}}
}
